
**** Build of configuration CPU1_RAM for project eqep_freq_cal_cpu01 ****

"D:\\ti\\ccsv8\\utils\\bin\\gmake" -k all 
 
Building file: "C:/Documents/F2837xS_examples_Cpu1/eqep_freqcal/cpu01/Eqep_freqcal.c"
Invoking: C2000 Compiler
"D:/ti/ccsv8/tools/compiler/ti-cgt-c2000_18.1.1.LTS/bin/cl2000" -v28 -ml -mt --vcu_support=vcu2 --tmu_support=tmu0 --cla_support=cla1 --include_path="D:/ti/ccsv8/tools/compiler/ti-cgt-c2000_18.1.1.LTS/include" --include_path="C:/libs/math/IQmath/v160/include" --include_path="C:/Documents/F2837xS_headers/include" --include_path="C:/Documents/F2837xS_common/include" -g --define=CPU1 --display_error_number --diag_suppress=10063 --diag_suppress=16002 --diag_warning=225 --preproc_with_compile --preproc_dependency="Eqep_freqcal.d_raw"  "C:/Documents/F2837xS_examples_Cpu1/eqep_freqcal/cpu01/Eqep_freqcal.c"
 
>> Compilation failure
subdir_rules.mk:9: recipe for target 'Eqep_freqcal.obj' failed
"C:\Documents\F2837xS_examples_Cpu1\eqep_freqcal\cpu01\Example_freqcal.h", line 25: fatal error #1965: cannot open source file "IQmathLib.h"
1 catastrophic error detected in the compilation of "C:/Documents/F2837xS_examples_Cpu1/eqep_freqcal/cpu01/Eqep_freqcal.c".
Compilation terminated.
gmake: *** [Eqep_freqcal.obj] Error 1
Building file: "C:/Documents/F2837xS_examples_Cpu1/eqep_freqcal/cpu01/Example_EPwmSetup.c"
Invoking: C2000 Compiler
"D:/ti/ccsv8/tools/compiler/ti-cgt-c2000_18.1.1.LTS/bin/cl2000" -v28 -ml -mt --vcu_support=vcu2 --tmu_support=tmu0 --cla_support=cla1 --include_path="D:/ti/ccsv8/tools/compiler/ti-cgt-c2000_18.1.1.LTS/include" --include_path="C:/libs/math/IQmath/v160/include" --include_path="C:/Documents/F2837xS_headers/include" --include_path="C:/Documents/F2837xS_common/include" -g --define=CPU1 --display_error_number --diag_suppress=10063 --diag_suppress=16002 --diag_warning=225 --preproc_with_compile --preproc_dependency="Example_EPwmSetup.d_raw"  "C:/Documents/F2837xS_examples_Cpu1/eqep_freqcal/cpu01/Example_EPwmSetup.c"
 
>> Compilation failure
subdir_rules.mk:16: recipe for target 'Example_EPwmSetup.obj' failed
"C:\Documents\F2837xS_examples_Cpu1\eqep_freqcal\cpu01\Example_freqcal.h", line 25: fatal error #1965: cannot open source file "IQmathLib.h"
1 catastrophic error detected in the compilation of "C:/Documents/F2837xS_examples_Cpu1/eqep_freqcal/cpu01/Example_EPwmSetup.c".
Compilation terminated.
gmake: *** [Example_EPwmSetup.obj] Error 1
Building file: "C:/Documents/F2837xS_examples_Cpu1/eqep_freqcal/cpu01/Example_freqcal.c"
Invoking: C2000 Compiler
"D:/ti/ccsv8/tools/compiler/ti-cgt-c2000_18.1.1.LTS/bin/cl2000" -v28 -ml -mt --vcu_support=vcu2 --tmu_support=tmu0 --cla_support=cla1 --include_path="D:/ti/ccsv8/tools/compiler/ti-cgt-c2000_18.1.1.LTS/include" --include_path="C:/libs/math/IQmath/v160/include" --include_path="C:/Documents/F2837xS_headers/include" --include_path="C:/Documents/F2837xS_common/include" -g --define=CPU1 --display_error_number --diag_suppress=10063 --diag_suppress=16002 --diag_warning=225 --preproc_with_compile --preproc_dependency="Example_freqcal.d_raw"  "C:/Documents/F2837xS_examples_Cpu1/eqep_freqcal/cpu01/Example_freqcal.c"
 
>> Compilation failure
subdir_rules.mk:23: recipe for target 'Example_freqcal.obj' failed
"C:\Documents\F2837xS_examples_Cpu1\eqep_freqcal\cpu01\Example_freqcal.h", line 25: fatal error #1965: cannot open source file "IQmathLib.h"
1 catastrophic error detected in the compilation of "C:/Documents/F2837xS_examples_Cpu1/eqep_freqcal/cpu01/Example_freqcal.c".
Compilation terminated.
gmake: *** [Example_freqcal.obj] Error 1
gmake: Target 'all' not remade because of errors.

**** Build Finished ****
